[debug] [2021-12-29T11:23:47.421Z] ----------------------------------------------------------------------
[debug] [2021-12-29T11:23:47.423Z] Command:       D:\Program Files\nodejs\node.exe C:\Users\User\AppData\Roaming\npm\node_modules\firebase-tools\lib\bin\firebase.js init
[debug] [2021-12-29T11:23:47.423Z] CLI Version:   10.0.1
[debug] [2021-12-29T11:23:47.423Z] Platform:      win32
[debug] [2021-12-29T11:23:47.423Z] Node Version:  v15.3.0
[debug] [2021-12-29T11:23:47.424Z] Time:          Wed Dec 29 2021 13:23:47 GMT+0200 (שעון ישראל (חורף))
[debug] [2021-12-29T11:23:47.424Z] ----------------------------------------------------------------------
[debug] 
[debug] [2021-12-29T11:23:47.486Z] > command requires scopes: ["email","openid","https://www.googleapis.com/auth/cloudplatformprojects.readonly","https://www.googleapis.com/auth/firebase","https://www.googleapis.com/auth/cloud-platform"]
[debug] [2021-12-29T11:23:47.486Z] > authorizing via signed-in user (kleiner06@gmail.com)
[info] 
     ######## #### ########  ######## ########     ###     ######  ########
     ##        ##  ##     ## ##       ##     ##  ##   ##  ##       ##
     ######    ##  ########  ######   ########  #########  ######  ######
     ##        ##  ##    ##  ##       ##     ## ##     ##       ## ##
     ##       #### ##     ## ######## ########  ##     ##  ######  ########

You're about to initialize a Firebase project in this directory:

  D:\VisualStudioProjects\ReactProjects\ReactProjects_UI\weather_api_final

Before we get started, keep in mind:

  * You are initializing within an existing Firebase project directory

[info] 
=== Project Setup
[info] 
[info] First, let's associate this project directory with a Firebase project.
[info] You can create multiple project aliases by running firebase use --add, 
[info] but for now we'll just set up a default project.
[info] 
[debug] [2021-12-29T11:23:54.178Z] Using project from CLI flag: weather-api-e027a
[debug] [2021-12-29T11:23:54.182Z] > refreshing access token with scopes: []
[debug] [2021-12-29T11:23:54.182Z] >>> HTTP REQUEST POST https://www.googleapis.com/oauth2/v3/token  
 <request body omitted>
[debug] [2021-12-29T11:23:54.472Z] <<< HTTP RESPONSE 200 {"pragma":"no-cache","expires":"Mon, 01 Jan 1990 00:00:00 GMT","cache-control":"no-cache, no-store, max-age=0, must-revalidate","date":"Wed, 29 Dec 2021 11:22:55 GMT","content-type":"application/json; charset=utf-8","vary":"X-Origin, Referer, Origin,Accept-Encoding","server":"scaffolding on HTTPServer2","x-xss-protection":"0","x-frame-options":"SAMEORIGIN","x-content-type-options":"nosniff","alt-svc":"h3=\":443\"; ma=2592000,h3-29=\":443\"; ma=2592000,h3-Q050=\":443\"; ma=2592000,h3-Q046=\":443\"; ma=2592000,h3-Q043=\":443\"; ma=2592000,quic=\":443\"; ma=2592000; v=\"46,43\"","accept-ranges":"none","transfer-encoding":"chunked"}
[debug] [2021-12-29T11:23:54.550Z] >>> [apiv2][query] GET https://firebase.googleapis.com/v1beta1/projects/weather-api-e027a [none]
[debug] [2021-12-29T11:23:55.043Z] <<< [apiv2][status] GET https://firebase.googleapis.com/v1beta1/projects/weather-api-e027a 200
[debug] [2021-12-29T11:23:55.043Z] <<< [apiv2][body] GET https://firebase.googleapis.com/v1beta1/projects/weather-api-e027a {"projectId":"weather-api-e027a","projectNumber":"720361028787","displayName":"weather-api","name":"projects/weather-api-e027a","resources":{"hostingSite":"weather-api-e027a","realtimeDatabaseInstance":"weather-api-e027a-default-rtdb","storageBucket":"weather-api-e027a.appspot.com","locationId":"us-central"},"state":"ACTIVE"}
[info] i  Using project weather-api-e027a (weather-api) 
[info] 
=== Hosting Setup
[info] 
[info] Your public directory is the folder (relative to your project directory) that
[info] will contain Hosting assets to be uploaded with firebase deploy. If you
[info] have a build process for your assets, use your build's output directory.
[info] 
